Automatically generated BuildingsPy dump file for failed translations.

===============================
=====START OF NEW LOG FILE=====
===============================
﻿ = true

    
    rCheck = checkModel("Buildings.Controls.OBC.ASHRAE.PrimarySystem.BoilerPlant.Generic.Validation.BoilerPlantEnabler");
Check of Buildings.Controls.OBC.ASHRAE.PrimarySystem.BoilerPlant.Generic.Validation.BoilerPlantEnabler:
-------------------------------------------------
Error: the model is too complex for the current license.
Your license must be upgraded to handle this model.
-------------------------------------------------
Error: ERRORS have been issued.
Declaring variable: Boolean rCheck ;
    
    Modelica.Utilities.Streams.print("    { \"file\" :  \"Buildings/Resources/Scripts/Dymola/Controls/OBC/ASHRAE/PrimarySystem/BoilerPlant/Generic/Validation/BoilerPlantEnabler.mos\",", "statistics.json");
    Modelica.Utilities.Streams.print("      \"model\" : \"Buildings.Controls.OBC.ASHRAE.PrimarySystem.BoilerPlant.Generic.Validation.BoilerPlantEnabler\",", "statistics.json");
    Modelica.Utilities.Streams.print("      \"check\" : {", "statistics.json");
    Modelica.Utilities.Streams.print("        \"command\" : \"checkModel(\\\"Buildings.Controls.OBC.ASHRAE.PrimarySystem.BoilerPlant.Generic.Validation.BoilerPlantEnabler\\\");\",", "statistics.json");
    Modelica.Utilities.Streams.print("        \"result\"  : " + String(rCheck), "statistics.json");
    Modelica.Utilities.Streams.print("      },", "statistics.json");
    
    
    rScript=RunScript("Resources/Scripts/Dymola/Controls/OBC/ASHRAE/PrimarySystem/BoilerPlant/Generic/Validation/BoilerPlantEnabler.mos");
simulateModel("Buildings.Controls.OBC.ASHRAE.PrimarySystem.BoilerPlant.Generic.Validation.BoilerPlantEnabler", startTime=0,tolerance=1e-6, stopTime=7200, outputInterval=1, method="dassl", resultFile="BoilerPlantEnabler");
Translation of Buildings.Controls.OBC.ASHRAE.PrimarySystem.BoilerPlant.Generic.Validation.BoilerPlantEnabler:
-------------------------------------------------
Error: the model is too complex for the current license.
Your license must be upgraded to handle this model.
-------------------------------------------------
Error: ERRORS have been issued.
 = false

Instantiation of ?:


Declaring variable: Boolean rScript ;
    
    savelog("Buildings.Controls.OBC.ASHRAE.PrimarySystem.BoilerPlant.Generic.Validation.BoilerPlantEnabler.translation.log");


